# JRE version: Java(TM) SE Runtime Environment (8.0_121-b13) (build 1.8.0_121-b13)
# Java VM: Java HotSpot(TM) 64-Bit Server VM (25.121-b13 mixed mode windows-amd64 compressed oops)
Heap:
 PSYoungGen      total 246784K, used 29925K [0x00000000d5580000, 0x00000000ea600000, 0x0000000100000000)
  eden space 231424K, 6% used [0x00000000d5580000,0x00000000d63c10d0,0x00000000e3780000)
  from space 15360K, 99% used [0x00000000e3780000,0x00000000e4678500,0x00000000e4680000)
  to   space 20992K, 0% used [0x00000000e9180000,0x00000000e9180000,0x00000000ea600000)
 ParOldGen       total 90112K, used 23591K [0x0000000080000000, 0x0000000085800000, 0x00000000d5580000)
  object space 90112K, 26% used [0x0000000080000000,0x0000000081709d68,0x0000000085800000)
 Metaspace       used 49385K, capacity 52258K, committed 52520K, reserved 1095680K
  class space    used 6636K, capacity 7112K, committed 7216K, reserved 1048576K
GC Heap History (10 events):
Event: 3.798 GC heap before
{Heap before GC invocations=7 (full 1):
 PSYoungGen      total 138240K, used 10148K [0x00000000d5580000, 0x00000000e0200000, 0x0000000100000000)
  eden space 133120K, 3% used [0x00000000d5580000,0x00000000d5a70328,0x00000000dd780000)
  from space 5120K, 99% used [0x00000000dd780000,0x00000000ddc79040,0x00000000ddc80000)
  to   space 14336K, 0% used [0x00000000df400000,0x00000000df400000,0x00000000e0200000)
 ParOldGen       total 66560K, used 21852K [0x0000000080000000, 0x0000000084100000, 0x00000000d5580000)
  object space 66560K, 32% used [0x0000000080000000,0x0000000081557150,0x0000000084100000)
 Metaspace       used 34280K, capacity 35400K, committed 35496K, reserved 1079296K
  class space    used 4474K, capacity 4717K, committed 4784K, reserved 1048576K
Event: 3.806 GC heap after
Heap after GC invocations=7 (full 1):
 PSYoungGen      total 162304K, used 5498K [0x00000000d5580000, 0x00000000e5400000, 0x0000000100000000)
  eden space 147968K, 0% used [0x00000000d5580000,0x00000000d5580000,0x00000000de600000)
  from space 14336K, 38% used [0x00000000df400000,0x00000000df95e9e0,0x00000000e0200000)
  to   space 14336K, 0% used [0x00000000de600000,0x00000000de600000,0x00000000df400000)
 ParOldGen       total 66560K, used 21852K [0x0000000080000000, 0x0000000084100000, 0x00000000d5580000)
  object space 66560K, 32% used [0x0000000080000000,0x0000000081557150,0x0000000084100000)
 Metaspace       used 34280K, capacity 35400K, committed 35496K, reserved 1079296K
  class space    used 4474K, capacity 4717K, committed 4784K, reserved 1048576K
}
Event: 3.806 GC heap before
{Heap before GC invocations=8 (full 2):
 PSYoungGen      total 162304K, used 5498K [0x00000000d5580000, 0x00000000e5400000, 0x0000000100000000)
  eden space 147968K, 0% used [0x00000000d5580000,0x00000000d5580000,0x00000000de600000)
  from space 14336K, 38% used [0x00000000df400000,0x00000000df95e9e0,0x00000000e0200000)
  to   space 14336K, 0% used [0x00000000de600000,0x00000000de600000,0x00000000df400000)
 ParOldGen       total 66560K, used 21852K [0x0000000080000000, 0x0000000084100000, 0x00000000d5580000)
  object space 66560K, 32% used [0x0000000080000000,0x0000000081557150,0x0000000084100000)
 Metaspace       used 34280K, capacity 35400K, committed 35496K, reserved 1079296K
  class space    used 4474K, capacity 4717K, committed 4784K, reserved 1048576K
Event: 3.883 GC heap after
Heap after GC invocations=8 (full 2):
 PSYoungGen      total 162304K, used 0K [0x00000000d5580000, 0x00000000e5400000, 0x0000000100000000)
  eden space 147968K, 0% used [0x00000000d5580000,0x00000000d5580000,0x00000000de600000)
  from space 14336K, 0% used [0x00000000df400000,0x00000000df400000,0x00000000e0200000)
  to   space 14336K, 0% used [0x00000000de600000,0x00000000de600000,0x00000000df400000)
 ParOldGen       total 90112K, used 13659K [0x0000000080000000, 0x0000000085800000, 0x00000000d5580000)
  object space 90112K, 15% used [0x0000000080000000,0x0000000080d56d68,0x0000000085800000)
 Metaspace       used 34280K, capacity 35400K, committed 35496K, reserved 1079296K
  class space    used 4474K, capacity 4717K, committed 4784K, reserved 1048576K
}
Event: 5.236 GC heap before
{Heap before GC invocations=9 (full 2):
 PSYoungGen      total 162304K, used 147968K [0x00000000d5580000, 0x00000000e5400000, 0x0000000100000000)
  eden space 147968K, 100% used [0x00000000d5580000,0x00000000de600000,0x00000000de600000)
  from space 14336K, 0% used [0x00000000df400000,0x00000000df400000,0x00000000e0200000)
  to   space 14336K, 0% used [0x00000000de600000,0x00000000de600000,0x00000000df400000)
 ParOldGen       total 90112K, used 13659K [0x0000000080000000, 0x0000000085800000, 0x00000000d5580000)
  object space 90112K, 15% used [0x0000000080000000,0x0000000080d56d68,0x0000000085800000)
 Metaspace       used 40601K, capacity 42802K, committed 43048K, reserved 1087488K
  class space    used 5456K, capacity 5854K, committed 5936K, reserved 1048576K
Event: 5.251 GC heap after
Heap after GC invocations=9 (full 2):
 PSYoungGen      total 162304K, used 11465K [0x00000000d5580000, 0x00000000e5a80000, 0x0000000100000000)
  eden space 147968K, 0% used [0x00000000d5580000,0x00000000d5580000,0x00000000de600000)
  from space 14336K, 79% used [0x00000000de600000,0x00000000df132520,0x00000000df400000)
  to   space 15360K, 0% used [0x00000000e4b80000,0x00000000e4b80000,0x00000000e5a80000)
 ParOldGen       total 90112K, used 13667K [0x0000000080000000, 0x0000000085800000, 0x00000000d5580000)
  object space 90112K, 15% used [0x0000000080000000,0x0000000080d58d68,0x0000000085800000)
 Metaspace       used 40601K, capacity 42802K, committed 43048K, reserved 1087488K
  class space    used 5456K, capacity 5854K, committed 5936K, reserved 1048576K
}
Event: 6.325 GC heap before
{Heap before GC invocations=10 (full 2):
 PSYoungGen      total 162304K, used 159433K [0x00000000d5580000, 0x00000000e5a80000, 0x0000000100000000)
  eden space 147968K, 100% used [0x00000000d5580000,0x00000000de600000,0x00000000de600000)
  from space 14336K, 79% used [0x00000000de600000,0x00000000df132520,0x00000000df400000)
  to   space 15360K, 0% used [0x00000000e4b80000,0x00000000e4b80000,0x00000000e5a80000)
 ParOldGen       total 90112K, used 13667K [0x0000000080000000, 0x0000000085800000, 0x00000000d5580000)
  object space 90112K, 15% used [0x0000000080000000,0x0000000080d58d68,0x0000000085800000)
 Metaspace       used 44262K, capacity 46964K, committed 47144K, reserved 1089536K
  class space    used 5952K, capacity 6419K, committed 6448K, reserved 1048576K
Event: 6.343 GC heap after
Heap after GC invocations=10 (full 2):
 PSYoungGen      total 241152K, used 10130K [0x00000000d5580000, 0x00000000e5580000, 0x0000000100000000)
  eden space 230912K, 0% used [0x00000000d5580000,0x00000000d5580000,0x00000000e3700000)
  from space 10240K, 98% used [0x00000000e4b80000,0x00000000e5564b58,0x00000000e5580000)
  to   space 15360K, 0% used [0x00000000e3780000,0x00000000e3780000,0x00000000e4680000)
 ParOldGen       total 90112K, used 13675K [0x0000000080000000, 0x0000000085800000, 0x00000000d5580000)
  object space 90112K, 15% used [0x0000000080000000,0x0000000080d5ad68,0x0000000085800000)
 Metaspace       used 44262K, capacity 46964K, committed 47144K, reserved 1089536K
  class space    used 5952K, capacity 6419K, committed 6448K, reserved 1048576K
}
Event: 8.894 GC heap before
{Heap before GC invocations=11 (full 2):
 PSYoungGen      total 241152K, used 241042K [0x00000000d5580000, 0x00000000e5580000, 0x0000000100000000)
  eden space 230912K, 100% used [0x00000000d5580000,0x00000000e3700000,0x00000000e3700000)
  from space 10240K, 98% used [0x00000000e4b80000,0x00000000e5564b58,0x00000000e5580000)
  to   space 15360K, 0% used [0x00000000e3780000,0x00000000e3780000,0x00000000e4680000)
 ParOldGen       total 90112K, used 13675K [0x0000000080000000, 0x0000000085800000, 0x00000000d5580000)
  object space 90112K, 15% used [0x0000000080000000,0x0000000080d5ad68,0x0000000085800000)
 Metaspace       used 49351K, capacity 52194K, committed 52520K, reserved 1095680K
  class space    used 6636K, capacity 7112K, committed 7216K, reserved 1048576K
Event: 8.930 GC heap after
Heap after GC invocations=11 (full 2):
 PSYoungGen      total 246784K, used 15329K [0x00000000d5580000, 0x00000000ea600000, 0x0000000100000000)
  eden space 231424K, 0% used [0x00000000d5580000,0x00000000d5580000,0x00000000e3780000)
  from space 15360K, 99% used [0x00000000e3780000,0x00000000e4678500,0x00000000e4680000)
  to   space 20992K, 0% used [0x00000000e9180000,0x00000000e9180000,0x00000000ea600000)
 ParOldGen       total 90112K, used 23591K [0x0000000080000000, 0x0000000085800000, 0x00000000d5580000)
  object space 90112K, 26% used [0x0000000080000000,0x0000000081709d68,0x0000000085800000)
 Metaspace       used 49351K, capacity 52194K, committed 52520K, reserved 1095680K
  class space    used 6636K, capacity 7112K, committed 7216K, reserved 1048576K
}

